2024-04-09 00:07:56 [debug] : Notification event posted from server - ON_DID_UPDATE_WORKSPACE. 
2024-04-09 00:07:56 [debug] : --------------------------------------------------------------------------------- 
2024-04-09 00:07:56 [debug] : /home/illubaby/RISC-V/RISCVAIoT 
2024-04-09 00:07:56 [debug] : --------------------------------------------------------------------------------- 
2024-04-09 00:07:56 [debug] : [Logger] Previous user logs are stored in the file - /home/illubaby/.Xilinx/Vitis/2023.2/logs/ide.log 
2024-04-09 00:07:56 [debug] : [Logger] Previous debug logs are stored in the file - /home/illubaby/.Xilinx/Vitis/2023.2/logs/ide_verbose.log 
2024-04-09 00:07:56 [debug] : [Logger] All the internal problems will be logged at debug level. 
2024-04-09 00:07:56 [debug] : Notification event posted from server - ON_START_ANALYSIS_PROGRESS. 
2024-04-09 00:07:56 [debug] : RIGEL SERVER 00:07:56 INFO  : created .gitignore file for the project /home/illubaby/RISC-V/RISCVAIoT
00:07:56 INFO  : updated workspace path: /home/illubaby/RISC-V/RISCVAIoT 
2024-04-09 00:07:56 [debug] : [Application Examples Provider]  updating the embedded templates on workspace event. 
2024-04-09 00:07:56 [debug] : [Application Examples Provider] refresh requested. 
2024-04-09 00:07:56 [debug] : Received event from notification service: ON_DID_UPDATE_WORKSPACE. 
2024-04-09 00:07:56 [debug] : [Logger Client] log levelchanged to  {"0":"Info"}
2024-04-09 00:07:56 [debug] : [Logger UI]  Update Log Level  called 
2024-04-09 00:07:56 [debug] : [ProjectCache] fetching projects for project-cache 
2024-04-09 00:07:56 [debug] : [Application Examples Provider] common calling method requested. 
2024-04-09 00:07:56 [debug] : [Application Examples Provider] Repositories model update requested. 
2024-04-09 00:07:56 [debug] : [Application Examples Provider] Repositories model update completed. 
2024-04-09 00:07:56 [debug] : [Application Examples Provider] Templates model update requested. 
2024-04-09 00:07:56 [debug] : [Repository Service] Executing method:getEmbeddedExampleTemplateTree from frontend. {"0":"request:"}
2024-04-09 00:07:56 [debug] : Received event from notification service: ON_START_ANALYSIS_PROGRESS. 
2024-04-09 00:07:56 [debug] : [Repository Server] Executing method:getEmbeddedExampleTemplateTree with connection:(object). {"0":"request:","1":{"wrappers_":null,"arrayIndexOffset_":-1,"array":[],"pivot_":1.7976931348623157e+308,"convertedPrimitiveFields_":{}}}
2024-04-09 00:07:56 [debug] : Event posted using notification server in backend. {"0":{"wrappers_":{},"arrayIndexOffset_":-1,"array":["8ed8c948-47c4-4ce8-b7a4-8abd95313e55",null,54,null,null,null,null,"list-reports"],"pivot_":1.7976931348623157e+308,"convertedPrimitiveFields_":{}}}
2024-04-09 00:07:56 [debug] : Notification event posted from server - ON_STOP_ANALYSIS_PROGRESS. 
2024-04-09 00:07:56 [debug] : [Logger UI]  Update Log Level success {"0":{"success":true,"error":""}}
2024-04-09 00:07:56 [debug] : Received event from notification service: ON_STOP_ANALYSIS_PROGRESS. 
2024-04-09 00:07:56 [debug] : MonacoEditorModel.fireDidChangeContent - enter - {
  "changes": [
    {
      "range": {
        "startLineNumber": 2,
        "startColumn": 47,
        "endLineNumber": 2,
        "endColumn": 52
      },
      "rangeLength": 5,
      "text": "false",
      "rangeOffset": 48,
      "forceMoveMarkers": false
    }
  ],
  "eol": "\n",
  "versionId": 2,
  "isUndoing": false,
  "isRedoing": false,
  "isFlush": false
} {"0":"user-storage:/user/settings.json"}
2024-04-09 00:07:56 [debug] : MonacoEditorModel.markAsDirty - enter {"0":"user-storage:/user/settings.json"}
2024-04-09 00:07:56 [debug] : MonacoEditorModel.cancelSync {"0":"user-storage:/user/settings.json"}
2024-04-09 00:07:56 [debug] : MonacoEditorModel.cancelSave {"0":"user-storage:/user/settings.json"}
2024-04-09 00:07:56 [debug] : MonacoEditorModel.markAsDirty - exit {"0":"user-storage:/user/settings.json"}
2024-04-09 00:07:56 [debug] : MonacoEditorModel.fireDidChangeContent - exit {"0":"user-storage:/user/settings.json"}
2024-04-09 00:07:56 [debug] : MonacoEditorModel.cancelSave {"0":"user-storage:/user/settings.json"}
2024-04-09 00:07:56 [debug] : MonacoEditorModel.cancelSave {"0":"user-storage:/user/settings.json"}
2024-04-09 00:07:57 [debug] : RIGEL SERVER 00:07:57 INFO  : Successfully created repository data at /tmp/rigel_lopper_illubaby2464424874571016856 
2024-04-09 00:07:57 [debug] : RIGEL SERVER 00:07:57 INFO  : bash, -c, source /tools/Xilinx/Vitis/2023.2/tps/lnx64/lopper-1.1.0/env/bin/activate && python /tools/Xilinx/Vitis/2023.2/data/embeddedsw/scripts/pyesw//get_template_data.py -d /tmp/rigel_lopper_illubaby1430099933630320054 -r /tmp/rigel_lopper_illubaby2464424874571016856/.repo.yaml && deactivate 
2024-04-09 00:07:57 [debug] : Opening channel for service path '/services/bootgen'. 
2024-04-09 00:07:57 [debug] : Opening channel for service path '/services/hls/report'. 
2024-04-09 00:07:57 [debug] : Opening channel for service path '/services/hls/wave/open'. 
2024-04-09 00:07:57 [debug] : Linked preference "workbench.colorCustomizations" not found. Source: "editor.bracketPairColorization.enabled" 
2024-04-09 00:07:57 [debug] : Frontend m.configure took longer than the expected maximum 100 milliseconds: 405.1 ms [Finished 2.358 s after frontend start] 
2024-04-09 00:07:57 [debug] : Application UI init preferences 
2024-04-09 00:07:57 [debug] : [Bootgen Output] Adding listeners to bootgen service. 
2024-04-09 00:07:57 [debug] : A command file.openWith.config-editor-widget is already registered. 
2024-04-09 00:07:57 [debug] : Frontend commands.onStart: 14.2 ms [Finished 2.372 s after frontend start] 
2024-04-09 00:07:57 [debug] : RIGEL SERVER 00:07:57 INFO  : Embedded Template List generated successfully 
2024-04-09 00:07:57 [debug] : Application UI init preferences 
2024-04-09 00:07:57 [debug] : Frontend keybindings.onStart: 67.6 ms [Finished 2.440 s after frontend start] 
2024-04-09 00:07:57 [debug] : Frontend menus.onStart: 6.7 ms [Finished 2.447 s after frontend start] 
2024-04-09 00:07:57 [debug] : Opening channel for service path '/services/search-in-workspace'. 
2024-04-09 00:07:57 [debug] : Frontend c.onStart: 5.5 ms [Finished 2.452 s after frontend start] 
2024-04-09 00:07:57 [debug] : Frontend d.onStart: 10.0 ms [Finished 2.462 s after frontend start] 
2024-04-09 00:07:57 [debug] : Frontend d.onStart: 5.1 ms [Finished 2.468 s after frontend start] 
2024-04-09 00:07:57 [debug] : Opening channel for service path '/services/request-service'. 
2024-04-09 00:07:57 [debug] : Frontend J.onStart: 0.0 ms [Finished 2.468 s after frontend start] 
2024-04-09 00:07:57 [debug] : Frontend l.onStart: 0.6 ms [Finished 2.469 s after frontend start] 
2024-04-09 00:07:57 [debug] : Frontend u.onStart: 3.1 ms [Finished 2.472 s after frontend start] 
2024-04-09 00:07:57 [debug] : Frontend n.onStart: 0.2 ms [Finished 2.472 s after frontend start] 
2024-04-09 00:07:57 [debug] : Frontend u.onStart: 0.8 ms [Finished 2.473 s after frontend start] 
2024-04-09 00:07:57 [debug] : Skipping menu item with missing command: "plugin.view-container.test.toggle". 
2024-04-09 00:07:57 [debug] : Frontend C.onStart: 19.2 ms [Finished 2.493 s after frontend start] 
2024-04-09 00:07:57 [debug] : Frontend p.onStart: 0.1 ms [Finished 2.493 s after frontend start] 
2024-04-09 00:07:57 [debug] : Frontend d.onStart: 0.0 ms [Finished 2.493 s after frontend start] 
2024-04-09 00:07:57 [debug] : Frontend u.onStart: 0.5 ms [Finished 2.494 s after frontend start] 
2024-04-09 00:07:57 [debug] : Frontend m.onStart: 0.3 ms [Finished 2.494 s after frontend start] 
2024-04-09 00:07:57 [debug] : Frontend n.onStart: 0.2 ms [Finished 2.494 s after frontend start] 
2024-04-09 00:07:57 [debug] : Frontend v.onStart: 0.1 ms [Finished 2.494 s after frontend start] 
2024-04-09 00:07:57 [debug] : Frontend P.onStart: 0.1 ms [Finished 2.494 s after frontend start] 
2024-04-09 00:07:57 [debug] : Frontend c.onStart: 0.0 ms [Finished 2.494 s after frontend start] 
2024-04-09 00:07:57 [debug] : Frontend b.onStart: 0.1 ms [Finished 2.495 s after frontend start] 
2024-04-09 00:07:57 [debug] : Frontend g.onStart: 0.2 ms [Finished 2.495 s after frontend start] 
2024-04-09 00:07:57 [debug] : Frontend f.onStart: 0.2 ms [Finished 2.495 s after frontend start] 
2024-04-09 00:07:57 [debug] : Frontend b.onStart: 0.2 ms [Finished 2.495 s after frontend start] 
2024-04-09 00:07:57 [debug] : Frontend d.onStart: 0.2 ms [Finished 2.495 s after frontend start] 
2024-04-09 00:07:57 [debug] : Frontend $.onStart: 0.4 ms [Finished 2.496 s after frontend start] 
2024-04-09 00:07:57 [debug] : Frontend $.onStart: 0.1 ms [Finished 2.496 s after frontend start] 
2024-04-09 00:07:57 [debug] : [hosted-plugin: 9652] IPC started 
2024-04-09 00:07:57 [debug] : Frontend y.onStart: 0.2 ms [Finished 2.496 s after frontend start] 
2024-04-09 00:07:57 [debug] : Frontend Object.onStart: 0.1 ms [Finished 2.496 s after frontend start] 
2024-04-09 00:07:57 [debug] : Frontend w.onStart: 14.5 ms [Finished 2.511 s after frontend start] 
2024-04-09 00:07:57 [debug] : Frontend d.onStart: 0.2 ms [Finished 2.512 s after frontend start] 
2024-04-09 00:07:57 [debug] : Frontend j.onStart: 0.0 ms [Finished 2.512 s after frontend start] 
2024-04-09 00:07:57 [debug] : Frontend f.onStart: 0.2 ms [Finished 2.512 s after frontend start] 
2024-04-09 00:07:57 [debug] : Frontend c.onStart: 0.1 ms [Finished 2.512 s after frontend start] 
2024-04-09 00:07:57 [debug] : Frontend y.onStart: 0.0 ms [Finished 2.512 s after frontend start] 
2024-04-09 00:07:57 [debug] : Frontend _.onStart: 0.0 ms [Finished 2.512 s after frontend start] 
2024-04-09 00:07:57 [debug] : Frontend N.onStart: 0.2 ms [Finished 2.513 s after frontend start] 
2024-04-09 00:07:57 [debug] : Frontend n.onStart: 0.1 ms [Finished 2.513 s after frontend start] 
2024-04-09 00:07:57 [debug] : Frontend c.onStart: 0.0 ms [Finished 2.513 s after frontend start] 
2024-04-09 00:07:57 [debug] : Frontend m.onStart: 0.1 ms [Finished 2.513 s after frontend start] 
2024-04-09 00:07:57 [debug] : Start frontend contributions: 832.8 ms [Finished 2.513 s after frontend start] 
2024-04-09 00:07:57 [debug] : Changed application state from 'init' to 'started_contributions'. 
2024-04-09 00:07:57 [debug] : Changed application state from 'started_contributions' to 'attached_shell'. 
2024-04-09 00:07:57 [debug] : >>> Restoring the layout state... 
2024-04-09 00:07:57 [debug] : Skipping menu item with missing command: "plugin.view-container.test.toggle". 
2024-04-09 00:07:57 [debug] : [Application Examples Provider] Templates model update completed. 
2024-04-09 00:07:57 [debug] : [Application Examples Provider] common calling method completed. 
2024-04-09 00:07:57 [debug] : [Application Examples Provider] refresh completed. 
2024-04-09 00:07:57 [debug] : [8c4aaafe-3c3c-44e3-9d72-f8eac15777de] Waiting for backend deployment: 89.9 ms [Finished 2.587 s after frontend start] 
2024-04-09 00:07:57 [debug] : MonacoEditorModel.cancelSync {"0":"file:///home/illubaby/RISC-V/RISCVAIoT/logs/vitis.log"}
2024-04-09 00:07:57 [debug] : MonacoEditorModel.doSync - enter {"0":"file:///home/illubaby/RISC-V/RISCVAIoT/logs/vitis.log"}
2024-04-09 00:07:57 [debug] : [8c4aaafe-3c3c-44e3-9d72-f8eac15777de] Sync of 16 plugins: 91.0 ms [Finished 2.678 s after frontend start] 
2024-04-09 00:07:57 [debug] : <<< Nothing to restore. 
2024-04-09 00:07:57 [debug] : Frontend P.initializeLayout: 10.6 ms [Finished 2.689 s after frontend start] 
2024-04-09 00:07:57 [debug] : Frontend b.initializeLayout: 1.9 ms [Finished 2.691 s after frontend start] 
2024-04-09 00:07:57 [debug] : Frontend h.initializeLayout: 2.0 ms [Finished 2.693 s after frontend start] 
2024-04-09 00:07:57 [debug] : Frontend $.initializeLayout: 2.7 ms [Finished 2.696 s after frontend start] 
2024-04-09 00:07:57 [debug] : Frontend y.initializeLayout: 5.3 ms [Finished 2.701 s after frontend start] 
2024-04-09 00:07:57 [debug] : [hosted-plugin: 9652] PLUGIN_HOST(9652) starting instance 
2024-04-09 00:07:57 [debug] : Frontend w.initializeLayout: 2.6 ms [Finished 2.704 s after frontend start] 
2024-04-09 00:07:57 [debug] : Frontend c.initializeLayout: 2.1 ms [Finished 2.706 s after frontend start] 
2024-04-09 00:07:57 [debug] : [Repository Examples UI] in on initialize layout method. 
2024-04-09 00:07:57 [debug] : Frontend A.initializeLayout: 4.7 ms [Finished 2.711 s after frontend start] 
2024-04-09 00:07:57 [debug] : Frontend u.initializeLayout: 1.8 ms [Finished 2.712 s after frontend start] 
2024-04-09 00:07:57 [debug] : Frontend h.initializeLayout: 0.1 ms [Finished 2.713 s after frontend start] 
2024-04-09 00:07:57 [debug] : Opening channel for service path '/services/report-model'. 
2024-04-09 00:07:57 [debug] : Frontend R.initializeLayout: 6.8 ms [Finished 2.719 s after frontend start] 
2024-04-09 00:07:57 [debug] : Frontend j.initializeLayout: 5.2 ms [Finished 2.725 s after frontend start] 
2024-04-09 00:07:57 [debug] : [Library Api Contribution] in on initialize layout method. 
2024-04-09 00:07:57 [debug] : Frontend p.initializeLayout: 7.0 ms [Finished 2.732 s after frontend start] 
2024-04-09 00:07:57 [debug] : Frontend M.initializeLayout: 0.1 ms [Finished 2.732 s after frontend start] 
2024-04-09 00:07:57 [debug] : MonacoEditorModel.cancelSync {"0":"user-storage:/user/settings.json"}
2024-04-09 00:07:57 [debug] : MonacoEditorModel.cancelSave {"0":"user-storage:/user/settings.json"}
2024-04-09 00:07:57 [debug] : MonacoEditorModel.fireDidChangeContent - enter - {
  "changes": [
    {
      "range": {
        "startLineNumber": 14,
        "startColumn": 1,
        "endLineNumber": 14,
        "endColumn": 1
      },
      "rangeLength": 0,
      "text": "00:07:57 INFO  : Successfully created repository data at /tmp/rigel_lopper_illubaby2464424874571016856\n00:07:57 INFO  : bash, -c, source /tools/Xilinx/Vitis/2023.2/tps/lnx64/lopper-1.1.0/env/bin/activate && python /tools/Xilinx/Vitis/2023.2/data/embeddedsw/scripts/pyesw//get_template_data.py -d /tmp/rigel_lopper_illubaby1430099933630320054 -r /tmp/rigel_lopper_illubaby2464424874571016856/.repo.yaml && deactivate\n00:07:57 INFO  : Embedded Template List generated successfully\n",
      "rangeOffset": 1923,
      "forceMoveMarkers": true
    }
  ],
  "eol": "\n",
  "versionId": 2,
  "isUndoing": false,
  "isRedoing": false,
  "isFlush": false
} {"0":"file:///home/illubaby/RISC-V/RISCVAIoT/logs/vitis.log"}
2024-04-09 00:07:57 [debug] : MonacoEditorModel.markAsDirty - enter {"0":"file:///home/illubaby/RISC-V/RISCVAIoT/logs/vitis.log"}
2024-04-09 00:07:57 [debug] : MonacoEditorModel.markAsDirty - exit - ignoring dirty changes enabled {"0":"file:///home/illubaby/RISC-V/RISCVAIoT/logs/vitis.log"}
2024-04-09 00:07:57 [debug] : MonacoEditorModel.fireDidChangeContent - exit {"0":"file:///home/illubaby/RISC-V/RISCVAIoT/logs/vitis.log"}
2024-04-09 00:07:57 [debug] : MonacoEditorModel.doSync - exit {"0":"file:///home/illubaby/RISC-V/RISCVAIoT/logs/vitis.log"}
2024-04-09 00:07:57 [debug] : MonacoEditorModel.fireDidChangeContent - enter - {
  "changes": [
    {
      "range": {
        "startLineNumber": 3,
        "startColumn": 29,
        "endLineNumber": 3,
        "endColumn": 37
      },
      "rangeLength": 8,
      "text": "\"custom\"",
      "rangeOffset": 83,
      "forceMoveMarkers": false
    }
  ],
  "eol": "\n",
  "versionId": 2,
  "isUndoing": false,
  "isRedoing": false,
  "isFlush": false
} {"0":"user-storage:/user/settings.json"}
2024-04-09 00:07:57 [debug] : MonacoEditorModel.markAsDirty - enter {"0":"user-storage:/user/settings.json"}
2024-04-09 00:07:57 [debug] : MonacoEditorModel.cancelSync {"0":"user-storage:/user/settings.json"}
2024-04-09 00:07:57 [debug] : MonacoEditorModel.cancelSave {"0":"user-storage:/user/settings.json"}
2024-04-09 00:07:57 [debug] : MonacoEditorModel.markAsDirty - exit {"0":"user-storage:/user/settings.json"}
2024-04-09 00:07:57 [debug] : MonacoEditorModel.fireDidChangeContent - exit {"0":"user-storage:/user/settings.json"}
2024-04-09 00:07:57 [debug] : MonacoEditorModel.cancelSave {"0":"user-storage:/user/settings.json"}
2024-04-09 00:07:57 [debug] : MonacoEditorModel.cancelSave {"0":"user-storage:/user/settings.json"}
2024-04-09 00:07:57 [debug] : RIGEL SERVER 00:07:57 INFO  : Marking the target connection as default Local
00:07:57 INFO  : Marking the target connection as default Linux Agent
00:07:57 INFO  : Marking the target connection as default XRTServer
00:07:57 INFO  : Marking the target connection as default LinuxEmulation
00:07:57 INFO  : Marking the target connection as default QEMU
00:07:57 INFO  : created .gitignore file for the project /home/illubaby/RISC-V/RISCVAIoT
00:07:57 INFO  : bash, -c, source /tools/Xilinx/Vitis/2023.2/tps/lnx64/lopper-1.1.0/env/bin/activate && python /tools/Xilinx/Vitis/2023.2/data/embeddedsw/scripts/pyesw//repo.py -st   /tools/Xilinx/Vitis/2023.2/data/embeddedsw && deactivate
00:07:57 INFO  : updated workspace path: /home/illubaby/RISC-V/RISCVAIoT 
2024-04-09 00:07:57 [debug] : Notification event posted from server - ON_DID_REFRESH_WORKSPACE_SUMMARIES. 
2024-04-09 00:07:57 [debug] : Notification event posted from server - ON_DID_UPDATE_WORKSPACE. 
2024-04-09 00:07:57 [debug] : --------------------------------------------------------------------------------- 
2024-04-09 00:07:57 [debug] : /home/illubaby/RISC-V/RISCVAIoT 
2024-04-09 00:07:57 [debug] : --------------------------------------------------------------------------------- 
2024-04-09 00:07:57 [debug] : [Logger] Previous user logs are stored in the file - /home/illubaby/RISC-V/RISCVAIoT/logs/ide.log 
2024-04-09 00:07:57 [debug] : [Logger] Previous debug logs are stored in the file - /home/illubaby/RISC-V/RISCVAIoT/logs/ide_verbose.log 
2024-04-09 00:07:57 [debug] : [Logger] All the internal problems will be logged at debug level. 
2024-04-09 00:07:57 [debug] : Initialize the workbench layout: 477.7 ms [Finished 3.013 s after frontend start] 
2024-04-09 00:07:57 [debug] : Changed application state from 'attached_shell' to 'initialized_layout'. 
2024-04-09 00:07:57 [debug] : Frontend R.onDidInitializeLayout: 0.2 ms [Finished 3.013 s after frontend start] 
2024-04-09 00:07:57 [debug] : Failed to register a menu item for plugin eamodio.gitlens contributed to editor/context/copy {"0":{"command":"gitlens.copyRemoteFileUrlToClipboard","group":"1_gitlens@1","when":"editorTextFocus && gitlens:activeFileStatus =~ /blameable/ && config.gitlens.menus.editor.clipboard"},"1":"Error: Could not find submenu with id editor/context/copy\n    at d.getMenuNode (file:///tools/Xilinx/Vitis/2023.2/ide/electron-app/lnx64/resources/app/lib/bundle.js:2:2477969)\n    at v.handle (file:///tools/Xilinx/Vitis/2023.2/ide/electron-app/lnx64/resources/app/lib/bundle.js:2:7319001)\n    at file:///tools/Xilinx/Vitis/2023.2/ide/electron-app/lnx64/resources/app/lib/bundle.js:2:7338007\n    at o (file:///tools/Xilinx/Vitis/2023.2/ide/electron-app/lnx64/resources/app/lib/bundle.js:2:7335668)\n    at E.handleContributions (file:///tools/Xilinx/Vitis/2023.2/ide/electron-app/lnx64/resources/app/lib/bundle.js:2:7337962)\n    at U.loadContributions (file:///tools/Xilinx/Vitis/2023.2/ide/electron-app/lnx64/resources/app/lib/bundle.js:2:7165295)\n    at U.doLoad (file:///tools/Xilinx/Vitis/2023.2/ide/electron-app/lnx64/resources/app/lib/bundle.js:2:7163387)\n    at async d.withProgress (file:///tools/Xilinx/Vitis/2023.2/ide/electron-app/lnx64/resources/app/lib/bundle.js:2:2518042)\n    at async file:///tools/Xilinx/Vitis/2023.2/ide/electron-app/lnx64/resources/app/lib/bundle.js:2:7160730"}
2024-04-09 00:07:57 [debug] : Failed to register a menu item for plugin eamodio.gitlens contributed to editor/context/copy {"0":{"command":"gitlens.copyRemoteFileUrlFrom","group":"1_gitlens@2","when":"editorTextFocus && gitlens:activeFileStatus =~ /blameable/ && config.gitlens.menus.editor.clipboard"},"1":"Error: Could not find submenu with id editor/context/copy\n    at d.getMenuNode (file:///tools/Xilinx/Vitis/2023.2/ide/electron-app/lnx64/resources/app/lib/bundle.js:2:2477969)\n    at v.handle (file:///tools/Xilinx/Vitis/2023.2/ide/electron-app/lnx64/resources/app/lib/bundle.js:2:7319001)\n    at file:///tools/Xilinx/Vitis/2023.2/ide/electron-app/lnx64/resources/app/lib/bundle.js:2:7338007\n    at o (file:///tools/Xilinx/Vitis/2023.2/ide/electron-app/lnx64/resources/app/lib/bundle.js:2:7335668)\n    at E.handleContributions (file:///tools/Xilinx/Vitis/2023.2/ide/electron-app/lnx64/resources/app/lib/bundle.js:2:7337962)\n    at U.loadContributions (file:///tools/Xilinx/Vitis/2023.2/ide/electron-app/lnx64/resources/app/lib/bundle.js:2:7165295)\n    at U.doLoad (file:///tools/Xilinx/Vitis/2023.2/ide/electron-app/lnx64/resources/app/lib/bundle.js:2:7163387)\n    at async d.withProgress (file:///tools/Xilinx/Vitis/2023.2/ide/electron-app/lnx64/resources/app/lib/bundle.js:2:2518042)\n    at async file:///tools/Xilinx/Vitis/2023.2/ide/electron-app/lnx64/resources/app/lib/bundle.js:2:7160730"}
2024-04-09 00:07:57 [debug] : Failed to register a menu item for plugin eamodio.gitlens contributed to editor/context/copy {"0":{"command":"gitlens.copyRemoteCommitUrl","group":"1_gitlens@3","when":"editorTextFocus && gitlens:activeFileStatus =~ /blameable/ && config.gitlens.menus.editor.clipboard"},"1":"Error: Could not find submenu with id editor/context/copy\n    at d.getMenuNode (file:///tools/Xilinx/Vitis/2023.2/ide/electron-app/lnx64/resources/app/lib/bundle.js:2:2477969)\n    at v.handle (file:///tools/Xilinx/Vitis/2023.2/ide/electron-app/lnx64/resources/app/lib/bundle.js:2:7319001)\n    at file:///tools/Xilinx/Vitis/2023.2/ide/electron-app/lnx64/resources/app/lib/bundle.js:2:7338007\n    at o (file:///tools/Xilinx/Vitis/2023.2/ide/electron-app/lnx64/resources/app/lib/bundle.js:2:7335668)\n    at E.handleContributions (file:///tools/Xilinx/Vitis/2023.2/ide/electron-app/lnx64/resources/app/lib/bundle.js:2:7337962)\n    at U.loadContributions (file:///tools/Xilinx/Vitis/2023.2/ide/electron-app/lnx64/resources/app/lib/bundle.js:2:7165295)\n    at U.doLoad (file:///tools/Xilinx/Vitis/2023.2/ide/electron-app/lnx64/resources/app/lib/bundle.js:2:7163387)\n    at async d.withProgress (file:///tools/Xilinx/Vitis/2023.2/ide/electron-app/lnx64/resources/app/lib/bundle.js:2:2518042)\n    at async file:///tools/Xilinx/Vitis/2023.2/ide/electron-app/lnx64/resources/app/lib/bundle.js:2:7160730"}
2024-04-09 00:07:57 [debug] : Failed to register a menu item for plugin eamodio.gitlens contributed to editor/context/copy {"0":{"command":"gitlens.copyShaToClipboard","group":"2_gitlens@1","when":"editorTextFocus && gitlens:activeFileStatus =~ /blameable/ && config.gitlens.menus.editor.clipboard"},"1":"Error: Could not find submenu with id editor/context/copy\n    at d.getMenuNode (file:///tools/Xilinx/Vitis/2023.2/ide/electron-app/lnx64/resources/app/lib/bundle.js:2:2477969)\n    at v.handle (file:///tools/Xilinx/Vitis/2023.2/ide/electron-app/lnx64/resources/app/lib/bundle.js:2:7319001)\n    at file:///tools/Xilinx/Vitis/2023.2/ide/electron-app/lnx64/resources/app/lib/bundle.js:2:7338007\n    at o (file:///tools/Xilinx/Vitis/2023.2/ide/electron-app/lnx64/resources/app/lib/bundle.js:2:7335668)\n    at E.handleContributions (file:///tools/Xilinx/Vitis/2023.2/ide/electron-app/lnx64/resources/app/lib/bundle.js:2:7337962)\n    at U.loadContributions (file:///tools/Xilinx/Vitis/2023.2/ide/electron-app/lnx64/resources/app/lib/bundle.js:2:7165295)\n    at U.doLoad (file:///tools/Xilinx/Vitis/2023.2/ide/electron-app/lnx64/resources/app/lib/bundle.js:2:7163387)\n    at async d.withProgress (file:///tools/Xilinx/Vitis/2023.2/ide/electron-app/lnx64/resources/app/lib/bundle.js:2:2518042)\n    at async file:///tools/Xilinx/Vitis/2023.2/ide/electron-app/lnx64/resources/app/lib/bundle.js:2:7160730"}
2024-04-09 00:07:57 [debug] : Failed to register a menu item for plugin eamodio.gitlens contributed to editor/context/copy {"0":{"command":"gitlens.copyMessageToClipboard","group":"2_gitlens@2","when":"editorTextFocus && gitlens:activeFileStatus =~ /blameable/ && config.gitlens.menus.editor.clipboard"},"1":"Error: Could not find submenu with id editor/context/copy\n    at d.getMenuNode (file:///tools/Xilinx/Vitis/2023.2/ide/electron-app/lnx64/resources/app/lib/bundle.js:2:2477969)\n    at v.handle (file:///tools/Xilinx/Vitis/2023.2/ide/electron-app/lnx64/resources/app/lib/bundle.js:2:7319001)\n    at file:///tools/Xilinx/Vitis/2023.2/ide/electron-app/lnx64/resources/app/lib/bundle.js:2:7338007\n    at o (file:///tools/Xilinx/Vitis/2023.2/ide/electron-app/lnx64/resources/app/lib/bundle.js:2:7335668)\n    at E.handleContributions (file:///tools/Xilinx/Vitis/2023.2/ide/electron-app/lnx64/resources/app/lib/bundle.js:2:7337962)\n    at U.loadContributions (file:///tools/Xilinx/Vitis/2023.2/ide/electron-app/lnx64/resources/app/lib/bundle.js:2:7165295)\n    at U.doLoad (file:///tools/Xilinx/Vitis/2023.2/ide/electron-app/lnx64/resources/app/lib/bundle.js:2:7163387)\n    at async d.withProgress (file:///tools/Xilinx/Vitis/2023.2/ide/electron-app/lnx64/resources/app/lib/bundle.js:2:2518042)\n    at async file:///tools/Xilinx/Vitis/2023.2/ide/electron-app/lnx64/resources/app/lib/bundle.js:2:7160730"}
2024-04-09 00:07:57 [debug] : Failed to register a menu item for plugin eamodio.gitlens contributed to extension/context {"0":{"command":"gitlens.showWelcomePage","group":"9_gitlens@1","when":"extension =~ /^eamodio.gitlens(-insiders)?$/ && extensionStatus == installed"},"1":"Error: Could not find submenu with id extension/context\n    at d.getMenuNode (file:///tools/Xilinx/Vitis/2023.2/ide/electron-app/lnx64/resources/app/lib/bundle.js:2:2477969)\n    at v.handle (file:///tools/Xilinx/Vitis/2023.2/ide/electron-app/lnx64/resources/app/lib/bundle.js:2:7319001)\n    at file:///tools/Xilinx/Vitis/2023.2/ide/electron-app/lnx64/resources/app/lib/bundle.js:2:7338007\n    at o (file:///tools/Xilinx/Vitis/2023.2/ide/electron-app/lnx64/resources/app/lib/bundle.js:2:7335668)\n    at E.handleContributions (file:///tools/Xilinx/Vitis/2023.2/ide/electron-app/lnx64/resources/app/lib/bundle.js:2:7337962)\n    at U.loadContributions (file:///tools/Xilinx/Vitis/2023.2/ide/electron-app/lnx64/resources/app/lib/bundle.js:2:7165295)\n    at U.doLoad (file:///tools/Xilinx/Vitis/2023.2/ide/electron-app/lnx64/resources/app/lib/bundle.js:2:7163387)\n    at async d.withProgress (file:///tools/Xilinx/Vitis/2023.2/ide/electron-app/lnx64/resources/app/lib/bundle.js:2:2518042)\n    at async file:///tools/Xilinx/Vitis/2023.2/ide/electron-app/lnx64/resources/app/lib/bundle.js:2:7160730"}
2024-04-09 00:07:57 [debug] : Failed to register a menu item for plugin eamodio.gitlens contributed to extension/context {"0":{"command":"gitlens.showSettingsPage","group":"9_gitlens@2","when":"extension =~ /^eamodio.gitlens(-insiders)?$/ && extensionStatus == installed"},"1":"Error: Could not find submenu with id extension/context\n    at d.getMenuNode (file:///tools/Xilinx/Vitis/2023.2/ide/electron-app/lnx64/resources/app/lib/bundle.js:2:2477969)\n    at v.handle (file:///tools/Xilinx/Vitis/2023.2/ide/electron-app/lnx64/resources/app/lib/bundle.js:2:7319001)\n    at file:///tools/Xilinx/Vitis/2023.2/ide/electron-app/lnx64/resources/app/lib/bundle.js:2:7338007\n    at o (file:///tools/Xilinx/Vitis/2023.2/ide/electron-app/lnx64/resources/app/lib/bundle.js:2:7335668)\n    at E.handleContributions (file:///tools/Xilinx/Vitis/2023.2/ide/electron-app/lnx64/resources/app/lib/bundle.js:2:7337962)\n    at U.loadContributions (file:///tools/Xilinx/Vitis/2023.2/ide/electron-app/lnx64/resources/app/lib/bundle.js:2:7165295)\n    at U.doLoad (file:///tools/Xilinx/Vitis/2023.2/ide/electron-app/lnx64/resources/app/lib/bundle.js:2:7163387)\n    at async d.withProgress (file:///tools/Xilinx/Vitis/2023.2/ide/electron-app/lnx64/resources/app/lib/bundle.js:2:2518042)\n    at async file:///tools/Xilinx/Vitis/2023.2/ide/electron-app/lnx64/resources/app/lib/bundle.js:2:7160730"}
2024-04-09 00:07:57 [debug] : Failed to register a menu item for plugin eamodio.gitlens contributed to git.commit {"0":{"command":"gitlens.addAuthors","group":"4_gitlens@1","when":"gitlens:enabled && !gitlens:readonly && config.gitlens.menus.scm.authors"},"1":"Error: Could not find submenu with id git.commit\n    at d.getMenuNode (file:///tools/Xilinx/Vitis/2023.2/ide/electron-app/lnx64/resources/app/lib/bundle.js:2:2477969)\n    at v.handle (file:///tools/Xilinx/Vitis/2023.2/ide/electron-app/lnx64/resources/app/lib/bundle.js:2:7319001)\n    at file:///tools/Xilinx/Vitis/2023.2/ide/electron-app/lnx64/resources/app/lib/bundle.js:2:7338007\n    at o (file:///tools/Xilinx/Vitis/2023.2/ide/electron-app/lnx64/resources/app/lib/bundle.js:2:7335668)\n    at E.handleContributions (file:///tools/Xilinx/Vitis/2023.2/ide/electron-app/lnx64/resources/app/lib/bundle.js:2:7337962)\n    at U.loadContributions (file:///tools/Xilinx/Vitis/2023.2/ide/electron-app/lnx64/resources/app/lib/bundle.js:2:7165295)\n    at U.doLoad (file:///tools/Xilinx/Vitis/2023.2/ide/electron-app/lnx64/resources/app/lib/bundle.js:2:7163387)\n    at async d.withProgress (file:///tools/Xilinx/Vitis/2023.2/ide/electron-app/lnx64/resources/app/lib/bundle.js:2:2518042)\n    at async file:///tools/Xilinx/Vitis/2023.2/ide/electron-app/lnx64/resources/app/lib/bundle.js:2:7160730"}
2024-04-09 00:07:57 [debug] : Failed to register a menu item for plugin eamodio.gitlens contributed to menuBar/edit/copy {"0":{"command":"gitlens.copyRemoteFileUrlToClipboard","group":"1_gitlens@1","when":"gitlens:activeFileStatus =~ /blameable/ && config.gitlens.menus.editor.clipboard"},"1":"Error: Could not find submenu with id menuBar/edit/copy\n    at d.getMenuNode (file:///tools/Xilinx/Vitis/2023.2/ide/electron-app/lnx64/resources/app/lib/bundle.js:2:2477969)\n    at v.handle (file:///tools/Xilinx/Vitis/2023.2/ide/electron-app/lnx64/resources/app/lib/bundle.js:2:7319001)\n    at file:///tools/Xilinx/Vitis/2023.2/ide/electron-app/lnx64/resources/app/lib/bundle.js:2:7338007\n    at o (file:///tools/Xilinx/Vitis/2023.2/ide/electron-app/lnx64/resources/app/lib/bundle.js:2:7335668)\n    at E.handleContributions (file:///tools/Xilinx/Vitis/2023.2/ide/electron-app/lnx64/resources/app/lib/bundle.js:2:7337962)\n    at U.loadContributions (file:///tools/Xilinx/Vitis/2023.2/ide/electron-app/lnx64/resources/app/lib/bundle.js:2:7165295)\n    at U.doLoad (file:///tools/Xilinx/Vitis/2023.2/ide/electron-app/lnx64/resources/app/lib/bundle.js:2:7163387)\n    at async d.withProgress (file:///tools/Xilinx/Vitis/2023.2/ide/electron-app/lnx64/resources/app/lib/bundle.js:2:2518042)\n    at async file:///tools/Xilinx/Vitis/2023.2/ide/electron-app/lnx64/resources/app/lib/bundle.js:2:7160730"}
2024-04-09 00:07:57 [debug] : Failed to register a menu item for plugin eamodio.gitlens contributed to menuBar/edit/copy {"0":{"command":"gitlens.copyRemoteFileUrlFrom","group":"1_gitlens@2","when":"gitlens:activeFileStatus =~ /blameable/ && config.gitlens.menus.editor.clipboard"},"1":"Error: Could not find submenu with id menuBar/edit/copy\n    at d.getMenuNode (file:///tools/Xilinx/Vitis/2023.2/ide/electron-app/lnx64/resources/app/lib/bundle.js:2:2477969)\n    at v.handle (file:///tools/Xilinx/Vitis/2023.2/ide/electron-app/lnx64/resources/app/lib/bundle.js:2:7319001)\n    at file:///tools/Xilinx/Vitis/2023.2/ide/electron-app/lnx64/resources/app/lib/bundle.js:2:7338007\n    at o (file:///tools/Xilinx/Vitis/2023.2/ide/electron-app/lnx64/resources/app/lib/bundle.js:2:7335668)\n    at E.handleContributions (file:///tools/Xilinx/Vitis/2023.2/ide/electron-app/lnx64/resources/app/lib/bundle.js:2:7337962)\n    at U.loadContributions (file:///tools/Xilinx/Vitis/2023.2/ide/electron-app/lnx64/resources/app/lib/bundle.js:2:7165295)\n    at U.doLoad (file:///tools/Xilinx/Vitis/2023.2/ide/electron-app/lnx64/resources/app/lib/bundle.js:2:7163387)\n    at async d.withProgress (file:///tools/Xilinx/Vitis/2023.2/ide/electron-app/lnx64/resources/app/lib/bundle.js:2:2518042)\n    at async file:///tools/Xilinx/Vitis/2023.2/ide/electron-app/lnx64/resources/app/lib/bundle.js:2:7160730"}
2024-04-09 00:07:57 [debug] : [8c4aaafe-3c3c-44e3-9d72-f8eac15777de][eamodio.gitlens]: Loaded contributions. 
2024-04-09 00:07:57 [debug] : [8c4aaafe-3c3c-44e3-9d72-f8eac15777de][xilinx.rigel-config-vscode]: Loaded contributions. 
2024-04-09 00:07:57 [debug] : [8c4aaafe-3c3c-44e3-9d72-f8eac15777de][xilinx.rigel-hls-l1-library-vscode]: Loaded contributions. 
2024-04-09 00:07:57 [debug] : [8c4aaafe-3c3c-44e3-9d72-f8eac15777de][xilinx.rigel-hls-pragma]: Loaded contributions. 
2024-04-09 00:07:57 [debug] : Failed to register a menu item for plugin xilinx.tcf-debug contributed to editor/title/run {"0":{"command":"extension.tcf-debug.debugEditorContents","group":"navigation@2","when":"resourceLangId == cpp || resourceLangId == c"},"1":"Error: Could not find submenu with id editor/title/run\n    at d.getMenuNode (file:///tools/Xilinx/Vitis/2023.2/ide/electron-app/lnx64/resources/app/lib/bundle.js:2:2477969)\n    at v.handle (file:///tools/Xilinx/Vitis/2023.2/ide/electron-app/lnx64/resources/app/lib/bundle.js:2:7319001)\n    at file:///tools/Xilinx/Vitis/2023.2/ide/electron-app/lnx64/resources/app/lib/bundle.js:2:7338007\n    at o (file:///tools/Xilinx/Vitis/2023.2/ide/electron-app/lnx64/resources/app/lib/bundle.js:2:7335668)\n    at E.handleContributions (file:///tools/Xilinx/Vitis/2023.2/ide/electron-app/lnx64/resources/app/lib/bundle.js:2:7337962)\n    at U.loadContributions (file:///tools/Xilinx/Vitis/2023.2/ide/electron-app/lnx64/resources/app/lib/bundle.js:2:7165295)\n    at U.doLoad (file:///tools/Xilinx/Vitis/2023.2/ide/electron-app/lnx64/resources/app/lib/bundle.js:2:7163387)\n    at async d.withProgress (file:///tools/Xilinx/Vitis/2023.2/ide/electron-app/lnx64/resources/app/lib/bundle.js:2:2518042)\n    at async file:///tools/Xilinx/Vitis/2023.2/ide/electron-app/lnx64/resources/app/lib/bundle.js:2:7160730"}
2024-04-09 00:07:57 [debug] : [8c4aaafe-3c3c-44e3-9d72-f8eac15777de][xilinx.tcf-debug]: Loaded contributions. 
2024-04-09 00:07:57 [debug] : [8c4aaafe-3c3c-44e3-9d72-f8eac15777de][twxs.cmake]: Loaded contributions. 
2024-04-09 00:07:57 [debug] : [8c4aaafe-3c3c-44e3-9d72-f8eac15777de][vscode.cpp]: Loaded contributions. 
2024-04-09 00:07:57 [debug] : [8c4aaafe-3c3c-44e3-9d72-f8eac15777de][vscode.github]: Loaded contributions. 
2024-04-09 00:07:57 [debug] : [8c4aaafe-3c3c-44e3-9d72-f8eac15777de][vscode.github-authentication]: Loaded contributions. 
2024-04-09 00:07:57 [debug] : [8c4aaafe-3c3c-44e3-9d72-f8eac15777de][vscode.json]: Loaded contributions. 
2024-04-09 00:07:57 [debug] : Preference name collision detected in the schema for property: [json] 
2024-04-09 00:07:57 [debug] : Preference name collision detected in the schema for property: [jsonc] 
2024-04-09 00:07:57 [debug] : [8c4aaafe-3c3c-44e3-9d72-f8eac15777de][vscode.json-language-features]: Loaded contributions. 
2024-04-09 00:07:57 [debug] : [8c4aaafe-3c3c-44e3-9d72-f8eac15777de][llvm-vs-code-extensions.vscode-clangd]: Loaded contributions. 
2024-04-09 00:07:57 [debug] : [8c4aaafe-3c3c-44e3-9d72-f8eac15777de][pkief.material-icon-theme]: Loaded contributions. 
2024-04-09 00:07:57 [debug] : [8c4aaafe-3c3c-44e3-9d72-f8eac15777de][webfreak.debug]: Loaded contributions. 
2024-04-09 00:07:57 [debug] : Failed to register a menu item for plugin vscode.git contributed to scm/sourceControl {"0":{"command":"git.close","group":"navigation","when":"scmProvider == git"},"1":"Error: Could not find submenu with id scm/sourceControl\n    at d.getMenuNode (file:///tools/Xilinx/Vitis/2023.2/ide/electron-app/lnx64/resources/app/lib/bundle.js:2:2477969)\n    at v.handle (file:///tools/Xilinx/Vitis/2023.2/ide/electron-app/lnx64/resources/app/lib/bundle.js:2:7319001)\n    at file:///tools/Xilinx/Vitis/2023.2/ide/electron-app/lnx64/resources/app/lib/bundle.js:2:7338007\n    at o (file:///tools/Xilinx/Vitis/2023.2/ide/electron-app/lnx64/resources/app/lib/bundle.js:2:7335668)\n    at E.handleContributions (file:///tools/Xilinx/Vitis/2023.2/ide/electron-app/lnx64/resources/app/lib/bundle.js:2:7337962)\n    at U.loadContributions (file:///tools/Xilinx/Vitis/2023.2/ide/electron-app/lnx64/resources/app/lib/bundle.js:2:7165295)\n    at U.doLoad (file:///tools/Xilinx/Vitis/2023.2/ide/electron-app/lnx64/resources/app/lib/bundle.js:2:7163387)\n    at async d.withProgress (file:///tools/Xilinx/Vitis/2023.2/ide/electron-app/lnx64/resources/app/lib/bundle.js:2:2518042)\n    at async file:///tools/Xilinx/Vitis/2023.2/ide/electron-app/lnx64/resources/app/lib/bundle.js:2:7160730"}
2024-04-09 00:07:57 [debug] : Failed to register a menu item for plugin vscode.git contributed to scm/change/title {"0":{"command":"git.stageChange","when":"config.git.enabled && !git.missing && originalResourceScheme == git"},"1":"Error: Could not find submenu with id scm/change/title\n    at d.getMenuNode (file:///tools/Xilinx/Vitis/2023.2/ide/electron-app/lnx64/resources/app/lib/bundle.js:2:2477969)\n    at v.handle (file:///tools/Xilinx/Vitis/2023.2/ide/electron-app/lnx64/resources/app/lib/bundle.js:2:7319001)\n    at file:///tools/Xilinx/Vitis/2023.2/ide/electron-app/lnx64/resources/app/lib/bundle.js:2:7338007\n    at o (file:///tools/Xilinx/Vitis/2023.2/ide/electron-app/lnx64/resources/app/lib/bundle.js:2:7335668)\n    at E.handleContributions (file:///tools/Xilinx/Vitis/2023.2/ide/electron-app/lnx64/resources/app/lib/bundle.js:2:7337962)\n    at U.loadContributions (file:///tools/Xilinx/Vitis/2023.2/ide/electron-app/lnx64/resources/app/lib/bundle.js:2:7165295)\n    at U.doLoad (file:///tools/Xilinx/Vitis/2023.2/ide/electron-app/lnx64/resources/app/lib/bundle.js:2:7163387)\n    at async d.withProgress (file:///tools/Xilinx/Vitis/2023.2/ide/electron-app/lnx64/resources/app/lib/bundle.js:2:2518042)\n    at async file:///tools/Xilinx/Vitis/2023.2/ide/electron-app/lnx64/resources/app/lib/bundle.js:2:7160730"}
2024-04-09 00:07:57 [debug] : Failed to register a menu item for plugin vscode.git contributed to scm/change/title {"0":{"command":"git.revertChange","when":"config.git.enabled && !git.missing && originalResourceScheme == git"},"1":"Error: Could not find submenu with id scm/change/title\n    at d.getMenuNode (file:///tools/Xilinx/Vitis/2023.2/ide/electron-app/lnx64/resources/app/lib/bundle.js:2:2477969)\n    at v.handle (file:///tools/Xilinx/Vitis/2023.2/ide/electron-app/lnx64/resources/app/lib/bundle.js:2:7319001)\n    at file:///tools/Xilinx/Vitis/2023.2/ide/electron-app/lnx64/resources/app/lib/bundle.js:2:7338007\n    at o (file:///tools/Xilinx/Vitis/2023.2/ide/electron-app/lnx64/resources/app/lib/bundle.js:2:7335668)\n    at E.handleContributions (file:///tools/Xilinx/Vitis/2023.2/ide/electron-app/lnx64/resources/app/lib/bundle.js:2:7337962)\n    at U.loadContributions (file:///tools/Xilinx/Vitis/2023.2/ide/electron-app/lnx64/resources/app/lib/bundle.js:2:7165295)\n    at U.doLoad (file:///tools/Xilinx/Vitis/2023.2/ide/electron-app/lnx64/resources/app/lib/bundle.js:2:7163387)\n    at async d.withProgress (file:///tools/Xilinx/Vitis/2023.2/ide/electron-app/lnx64/resources/app/lib/bundle.js:2:2518042)\n    at async file:///tools/Xilinx/Vitis/2023.2/ide/electron-app/lnx64/resources/app/lib/bundle.js:2:7160730"}
2024-04-09 00:07:57 [debug] : [8c4aaafe-3c3c-44e3-9d72-f8eac15777de][vscode.git]: Loaded contributions. 
2024-04-09 00:07:57 [debug] : [8c4aaafe-3c3c-44e3-9d72-f8eac15777de][vscode.make]: Loaded contributions. 
2024-04-09 00:07:57 [debug] : [8c4aaafe-3c3c-44e3-9d72-f8eac15777de] Load contributions of 16 plugins: 207.0 ms [Finished 3.220 s after frontend start] 
2024-04-09 00:07:57 [debug] : Frontend w.onDidInitializeLayout: 15.5 ms [Finished 3.239 s after frontend start] 
2024-04-09 00:07:57 [debug] : Frontend h.onDidInitializeLayout: 4.0 ms [Finished 3.248 s after frontend start] 
2024-04-09 00:07:57 [debug] : Frontend j.onDidInitializeLayout: 6.2 ms [Finished 3.256 s after frontend start] 
2024-04-09 00:07:57 [debug] : Error: view container is disposed
    at n.get containerLayout [as containerLayout] (file:///tools/Xilinx/Vitis/2023.2/ide/electron-app/lnx64/resources/app/lib/bundle.js:2:2365697)
    at n.getParts (file:///tools/Xilinx/Vitis/2023.2/ide/electron-app/lnx64/resources/app/lib/bundle.js:2:2365455)
    at n.getTrackableWidgets (file:///tools/Xilinx/Vitis/2023.2/ide/electron-app/lnx64/resources/app/lib/bundle.js:2:2368813)
    at R.prepareViewContainer (file:///tools/Xilinx/Vitis/2023.2/ide/electron-app/lnx64/resources/app/lib/bundle.js:2:7431945)
    at async file:///tools/Xilinx/Vitis/2023.2/ide/electron-app/lnx64/resources/app/lib/bundle.js:2:7434106
    at async Promise.all (index 2)
    at async R.initWidgets (file:///tools/Xilinx/Vitis/2023.2/ide/electron-app/lnx64/resources/app/lib/bundle.js:2:7434768)
    at async U.doLoad (file:///tools/Xilinx/Vitis/2023.2/ide/electron-app/lnx64/resources/app/lib/bundle.js:2:7163408)
    at async d.withProgress (file:///tools/Xilinx/Vitis/2023.2/ide/electron-app/lnx64/resources/app/lib/bundle.js:2:2518042)
    at async file:///tools/Xilinx/Vitis/2023.2/ide/electron-app/lnx64/resources/app/lib/bundle.js:2:7160730 
2024-04-09 00:07:57 [debug] : Frontend f.onDidInitializeLayout: 0.1 ms [Finished 3.259 s after frontend start] 
2024-04-09 00:07:58 [debug] : Theia configuration directory file:///home/illubaby/.Xilinx/Vitis/2023.2/.vitisng' 
2024-04-09 00:07:58 [debug] : Theia configuration directory file:///home/illubaby/.Xilinx/Vitis/2023.2/.vitisng' 
2024-04-09 00:07:58 [debug] : Theia configuration directory file:///home/illubaby/.Xilinx/Vitis/2023.2/.vitisng' 
2024-04-09 00:07:58 [debug] : Theia configuration directory file:///home/illubaby/.Xilinx/Vitis/2023.2/.vitisng' 
2024-04-09 00:07:58 [debug] : 'cpp' language is remapped from 'source.cpp.embedded.macro' to 'source.cpp' scope 
2024-04-09 00:07:58 [debug] : a registered grammar configuration for 'cpp' language is overridden 
2024-04-09 00:07:58 [debug] : Received event from notification service: ON_DID_REFRESH_WORKSPACE_SUMMARIES. 
2024-04-09 00:07:58 [debug] : [ProjectCache] fetching projects for project-cache 
2024-04-09 00:07:58 [debug] : [Application Examples Provider]  updating the embedded templates on workspace event. 
2024-04-09 00:07:58 [debug] : [Application Examples Provider] refresh requested. 
2024-04-09 00:07:58 [debug] : Received event from notification service: ON_DID_UPDATE_WORKSPACE. 
2024-04-09 00:07:58 [debug] : [Logger Client] log levelchanged to  {"0":"Info"}
2024-04-09 00:07:58 [debug] : [Logger UI]  Update Log Level  called 
2024-04-09 00:07:58 [debug] : [Application Examples Provider] common calling method requested. 
2024-04-09 00:07:58 [debug] : [Application Examples Provider] Repositories model update requested. 
2024-04-09 00:07:58 [debug] : [Application Examples Provider] Repositories model update completed. 
2024-04-09 00:07:58 [debug] : [Application Examples Provider] Templates model update requested. 
2024-04-09 00:07:58 [debug] : [Repository Service] Executing method:getEmbeddedExampleTemplateTree from frontend. {"0":"request:"}
2024-04-09 00:07:58 [debug] : [ProjectDecorator] tree decoration updated 
2024-04-09 00:07:58 [debug] : [ProjectCache] Project location updated to undefined 
2024-04-09 00:07:58 [debug] : [ProjectDecorator] tree decoration updated 
2024-04-09 00:07:58 [debug] : [Repository Server] Executing method:getEmbeddedExampleTemplateTree with connection:(object). {"0":"request:","1":{"wrappers_":null,"arrayIndexOffset_":-1,"array":[],"pivot_":1.7976931348623157e+308,"convertedPrimitiveFields_":{}}}
2024-04-09 00:07:58 [debug] : Event posted using notification server in backend. {"0":{"wrappers_":{},"arrayIndexOffset_":-1,"array":["fae58cab-e50f-43c5-a80d-f3e9df60add4",null,54,null,null,null,null,"refresh-summaries"],"pivot_":1.7976931348623157e+308,"convertedPrimitiveFields_":{}}}
2024-04-09 00:07:58 [debug] : Notification event posted from server - ON_STOP_ANALYSIS_PROGRESS. 
2024-04-09 00:07:58 [debug] : Notification event posted from server - ON_DID_REFRESH_WORKSPACE_SUMMARIES. 
2024-04-09 00:07:58 [debug] : RIGEL SERVER 00:07:58 INFO  : Successfully created repository data at /home/illubaby/RISC-V/RISCVAIoT
00:07:58 INFO  : bash, -c, source /tools/Xilinx/Vitis/2023.2/tps/lnx64/lopper-1.1.0/env/bin/activate && python /tools/Xilinx/Vitis/2023.2/data/embeddedsw/scripts/pyesw//get_template_data.py -d /tmp/rigel_lopper_illubaby9747407752956619821 -r /home/illubaby/RISC-V/RISCVAIoT/.repo.yaml && deactivate 
2024-04-09 00:07:58 [debug] : RIGEL SERVER 00:07:58 INFO  : Embedded Template List generated successfully 
2024-04-09 00:07:58 [debug] : RIGEL SERVER 00:07:58 INFO  : bash, -c, source /tools/Xilinx/Vitis/2023.2/tps/lnx64/lopper-1.1.0/env/bin/activate && python /tools/Xilinx/Vitis/2023.2/data/embeddedsw/scripts/pyesw//get_template_data.py -d /tmp/rigel_lopper_illubaby1497301484342227958 -r /home/illubaby/RISC-V/RISCVAIoT/.repo.yaml && deactivate 
2024-04-09 00:07:58 [debug] : Received event from notification service: ON_STOP_ANALYSIS_PROGRESS. 
2024-04-09 00:07:58 [debug] : [Logger UI]  Update Log Level success {"0":{"success":true,"error":""}}
2024-04-09 00:07:58 [debug] : Received event from notification service: ON_DID_REFRESH_WORKSPACE_SUMMARIES. 
2024-04-09 00:07:58 [debug] : [ProjectDecorator] tree decoration updated 
2024-04-09 00:07:58 [debug] : [ProjectCache] Project location updated to undefined 
2024-04-09 00:07:58 [debug] : [ProjectDecorator] tree decoration updated 
2024-04-09 00:07:58 [debug] : Event posted using notification server in backend. {"0":{"wrappers_":{},"arrayIndexOffset_":-1,"array":["ebe34d65-0bd1-4d39-8cf9-834206415d99",null,54,null,null,null,null,"refresh-summaries"],"pivot_":1.7976931348623157e+308,"convertedPrimitiveFields_":{}}}
2024-04-09 00:07:58 [debug] : Notification event posted from server - ON_STOP_ANALYSIS_PROGRESS. 
2024-04-09 00:07:58 [debug] : RIGEL SERVER 00:07:58 INFO  : Embedded Template List generated successfully 
2024-04-09 00:07:58 [debug] : [Application Examples Provider] Templates model update completed. 
2024-04-09 00:07:58 [debug] : [Application Examples Provider] common calling method completed. 
2024-04-09 00:07:58 [debug] : [Application Examples Provider] refresh completed. 
2024-04-09 00:07:58 [debug] : Opening channel for service path '/services/keytar'. 
2024-04-09 00:07:58 [debug] : Theia configuration directory file:///home/illubaby/.Xilinx/Vitis/2023.2/.vitisng' 
2024-04-09 00:07:58 [debug] : getTasks(): about to return task information for 0 tasks 
2024-04-09 00:07:58 [debug] : Theia configuration directory file:///home/illubaby/.Xilinx/Vitis/2023.2/.vitisng' 
2024-04-09 00:07:58 [debug] : MonacoEditorModel.cancelSync {"0":"file:///home/illubaby/RISC-V/RISCVAIoT/logs/vitis.log"}
2024-04-09 00:07:58 [debug] : MonacoEditorModel.doSync - enter {"0":"file:///home/illubaby/RISC-V/RISCVAIoT/logs/vitis.log"}
2024-04-09 00:07:58 [debug] : Received event from notification service: ON_STOP_ANALYSIS_PROGRESS. 
2024-04-09 00:07:58 [debug] : [Application Examples Provider] Templates model update completed. 
2024-04-09 00:07:58 [debug] : [Application Examples Provider] common calling method completed. 
2024-04-09 00:07:58 [debug] : [Application Examples Provider] refresh completed. 
2024-04-09 00:07:58 [debug] : MonacoEditorModel.cancelSync {"0":"file:///home/illubaby/RISC-V/RISCVAIoT/logs/vitis.log"}
2024-04-09 00:07:58 [debug] : MonacoEditorModel.fireDidChangeContent - enter - {
  "changes": [
    {
      "range": {
        "startLineNumber": 68,
        "startColumn": 1,
        "endLineNumber": 68,
        "endColumn": 6
      },
      "rangeLength": 5,
      "text": "    },\n    \"clangd.fallbackFlags\": []",
      "rangeOffset": 1634,
      "forceMoveMarkers": false
    }
  ],
  "eol": "\n",
  "versionId": 2,
  "isUndoing": false,
  "isRedoing": false,
  "isFlush": false
} {"0":"file:///home/illubaby/RISC-V/RISCVAIoT/DLCProgram/.vscode/settings.json"}
2024-04-09 00:07:58 [debug] : MonacoEditorModel.markAsDirty - enter {"0":"file:///home/illubaby/RISC-V/RISCVAIoT/DLCProgram/.vscode/settings.json"}
2024-04-09 00:07:58 [debug] : MonacoEditorModel.cancelSync {"0":"file:///home/illubaby/RISC-V/RISCVAIoT/DLCProgram/.vscode/settings.json"}
2024-04-09 00:07:58 [debug] : MonacoEditorModel.cancelSave {"0":"file:///home/illubaby/RISC-V/RISCVAIoT/DLCProgram/.vscode/settings.json"}
2024-04-09 00:07:58 [debug] : MonacoEditorModel.markAsDirty - exit {"0":"file:///home/illubaby/RISC-V/RISCVAIoT/DLCProgram/.vscode/settings.json"}
2024-04-09 00:07:58 [debug] : MonacoEditorModel.fireDidChangeContent - exit {"0":"file:///home/illubaby/RISC-V/RISCVAIoT/DLCProgram/.vscode/settings.json"}
2024-04-09 00:07:58 [debug] : MonacoEditorModel.cancelSave {"0":"file:///home/illubaby/RISC-V/RISCVAIoT/DLCProgram/.vscode/settings.json"}
2024-04-09 00:07:58 [debug] : MonacoEditorModel.fireDidChangeContent - enter - {
  "changes": [
    {
      "range": {
        "startLineNumber": 69,
        "startColumn": 29,
        "endLineNumber": 69,
        "endColumn": 31
      },
      "rangeLength": 2,
      "text": "[]",
      "rangeOffset": 1669,
      "forceMoveMarkers": false
    }
  ],
  "eol": "\n",
  "versionId": 3,
  "isUndoing": false,
  "isRedoing": false,
  "isFlush": false
} {"0":"file:///home/illubaby/RISC-V/RISCVAIoT/DLCProgram/.vscode/settings.json"}
2024-04-09 00:07:58 [debug] : MonacoEditorModel.markAsDirty - enter {"0":"file:///home/illubaby/RISC-V/RISCVAIoT/DLCProgram/.vscode/settings.json"}
2024-04-09 00:07:58 [debug] : MonacoEditorModel.cancelSync {"0":"file:///home/illubaby/RISC-V/RISCVAIoT/DLCProgram/.vscode/settings.json"}
2024-04-09 00:07:58 [debug] : MonacoEditorModel.cancelSave {"0":"file:///home/illubaby/RISC-V/RISCVAIoT/DLCProgram/.vscode/settings.json"}
2024-04-09 00:07:58 [debug] : MonacoEditorModel.markAsDirty - exit {"0":"file:///home/illubaby/RISC-V/RISCVAIoT/DLCProgram/.vscode/settings.json"}
2024-04-09 00:07:58 [debug] : MonacoEditorModel.fireDidChangeContent - exit {"0":"file:///home/illubaby/RISC-V/RISCVAIoT/DLCProgram/.vscode/settings.json"}
2024-04-09 00:07:58 [debug] : MonacoEditorModel.cancelSave {"0":"file:///home/illubaby/RISC-V/RISCVAIoT/DLCProgram/.vscode/settings.json"}
2024-04-09 00:07:58 [debug] : MonacoEditorModel.cancelSave {"0":"file:///home/illubaby/RISC-V/RISCVAIoT/DLCProgram/.vscode/settings.json"}
2024-04-09 00:07:58 [debug] : Theia configuration directory file:///home/illubaby/.Xilinx/Vitis/2023.2/.vitisng' 
2024-04-09 00:07:58 [debug] : Theia configuration directory file:///home/illubaby/.Xilinx/Vitis/2023.2/.vitisng' 
2024-04-09 00:07:59 [debug] : Replace loading indicator with ready workbench UI (animation): 864.6 ms [Finished 4.125 s after frontend start] 
2024-04-09 00:07:59 [debug] : Changed application state from 'initialized_layout' to 'ready'. 
2024-04-09 00:07:59 [debug] : MonacoEditorModel.cancelSync {"0":"user-storage:/user/settings.json"}
2024-04-09 00:07:59 [debug] : Frontend application start: 2637.9 ms [Finished 40.489 s after backend start] 
2024-04-09 00:07:59 [debug] : MonacoEditorModel.cancelSync {"0":"user-storage:/user/settings.json"}
2024-04-09 00:07:59 [debug] : MonacoEditorModel.cancelSave {"0":"user-storage:/user/settings.json"}
2024-04-09 00:07:59 [debug] : MonacoEditorModel.doSync - enter {"0":"user-storage:/user/settings.json"}
2024-04-09 00:07:59 [debug] : MonacoEditorModel.doSync - exit - cancelled {"0":"user-storage:/user/settings.json"}
2024-04-09 00:07:59 [debug] : MonacoEditorModel.doSync - exit - cancelled while looking for a resource {"0":"file:///home/illubaby/RISC-V/RISCVAIoT/logs/vitis.log"}
2024-04-09 00:07:59 [debug] : MonacoEditorModel.doSync - enter {"0":"file:///home/illubaby/RISC-V/RISCVAIoT/logs/vitis.log"}
2024-04-09 00:08:00 [debug] : MonacoEditorModel.fireDidChangeContent - enter - {
  "changes": [
    {
      "range": {
        "startLineNumber": 17,
        "startColumn": 1,
        "endLineNumber": 17,
        "endColumn": 1
      },
      "rangeLength": 0,
      "text": "00:07:57 INFO  : Marking the target connection as default Local\n00:07:57 INFO  : Marking the target connection as default Linux Agent\n00:07:57 INFO  : Marking the target connection as default XRTServer\n00:07:57 INFO  : Marking the target connection as default LinuxEmulation\n00:07:57 INFO  : Marking the target connection as default QEMU\n00:07:57 INFO  : created .gitignore file for the project /home/illubaby/RISC-V/RISCVAIoT\n00:07:57 INFO  : bash, -c, source /tools/Xilinx/Vitis/2023.2/tps/lnx64/lopper-1.1.0/env/bin/activate && python /tools/Xilinx/Vitis/2023.2/data/embeddedsw/scripts/pyesw//repo.py -st   /tools/Xilinx/Vitis/2023.2/data/embeddedsw && deactivate\n00:07:57 INFO  : updated workspace path: /home/illubaby/RISC-V/RISCVAIoT\n00:07:58 INFO  : Successfully created repository data at /home/illubaby/RISC-V/RISCVAIoT\n00:07:58 INFO  : bash, -c, source /tools/Xilinx/Vitis/2023.2/tps/lnx64/lopper-1.1.0/env/bin/activate && python /tools/Xilinx/Vitis/2023.2/data/embeddedsw/scripts/pyesw//get_template_data.py -d /tmp/rigel_lopper_illubaby9747407752956619821 -r /home/illubaby/RISC-V/RISCVAIoT/.repo.yaml && deactivate\n00:07:58 INFO  : Embedded Template List generated successfully\n00:07:58 INFO  : bash, -c, source /tools/Xilinx/Vitis/2023.2/tps/lnx64/lopper-1.1.0/env/bin/activate && python /tools/Xilinx/Vitis/2023.2/data/embeddedsw/scripts/pyesw//get_template_data.py -d /tmp/rigel_lopper_illubaby1497301484342227958 -r /home/illubaby/RISC-V/RISCVAIoT/.repo.yaml && deactivate\n00:07:58 INFO  : Embedded Template List generated successfully\n",
      "rangeOffset": 2402,
      "forceMoveMarkers": true
    }
  ],
  "eol": "\n",
  "versionId": 3,
  "isUndoing": false,
  "isRedoing": false,
  "isFlush": false
} {"0":"file:///home/illubaby/RISC-V/RISCVAIoT/logs/vitis.log"}
2024-04-09 00:08:00 [debug] : MonacoEditorModel.markAsDirty - enter {"0":"file:///home/illubaby/RISC-V/RISCVAIoT/logs/vitis.log"}
2024-04-09 00:08:00 [debug] : MonacoEditorModel.markAsDirty - exit - ignoring dirty changes enabled {"0":"file:///home/illubaby/RISC-V/RISCVAIoT/logs/vitis.log"}
2024-04-09 00:08:00 [debug] : MonacoEditorModel.fireDidChangeContent - exit {"0":"file:///home/illubaby/RISC-V/RISCVAIoT/logs/vitis.log"}
2024-04-09 00:08:00 [debug] : MonacoEditorModel.doSync - exit {"0":"file:///home/illubaby/RISC-V/RISCVAIoT/logs/vitis.log"}
2024-04-09 00:08:00 [debug] : [hosted-plugin: 9652] PLUGIN_HOST(9652): PluginManagerExtImpl/init()
PLUGIN_HOST(9652): initializing(gitlens@11.7.0 with /tools/Xilinx/Vitis/2023.2/ide/electron-app/lnx64/resources/app/node_modules/@theia/plugin-ext-vscode/lib/node/plugin-vscode-init)
PLUGIN_HOST(9652): initializing(rigel-config-vscode@0.0.0 with /tools/Xilinx/Vitis/2023.2/ide/electron-app/lnx64/resources/app/node_modules/@theia/plugin-ext-vscode/lib/node/plugin-vscode-init)
PLUGIN_HOST(9652): initializing(rigel-hls-l1-library-vscode@0.0.0 with /tools/Xilinx/Vitis/2023.2/ide/electron-app/lnx64/resources/app/node_modules/@theia/plugin-ext-vscode/lib/node/plugin-vscode-init)
PLUGIN_HOST(9652): initializing(rigel-hls-pragma@0.0.0 with /tools/Xilinx/Vitis/2023.2/ide/electron-app/lnx64/resources/app/node_modules/@theia/plugin-ext-vscode/lib/node/plugin-vscode-init)
PLUGIN_HOST(9652): initializing(tcf-debug@0.0.1 with /tools/Xilinx/Vitis/2023.2/ide/electron-app/lnx64/resources/app/node_modules/@theia/plugin-ext-vscode/lib/node/plugin-vscode-init)
Debugger contribution has been registered: tcf-debug
PLUGIN_HOST(9652): initializing(cmake@0.0.17 with /tools/Xilinx/Vitis/2023.2/ide/electron-app/lnx64/resources/app/node_modules/@theia/plugin-ext-vscode/lib/node/plugin-vscode-init)
PLUGIN_HOST(9652): initializing(cpp@1.52.1 with /tools/Xilinx/Vitis/2023.2/ide/electron-app/lnx64/resources/app/node_modules/@theia/plugin-ext-vscode/lib/node/plugin-vscode-init)
PLUGIN_HOST(9652): initializing(github@1.62.3 with /tools/Xilinx/Vitis/2023.2/ide/electron-app/lnx64/resources/app/node_modules/@theia/plugin-ext-vscode/lib/node/plugin-vscode-init)
PLUGIN_HOST(9652): initializing(github-authentication@1.62.3 with /tools/Xilinx/Vitis/2023.2/ide/electron-app/lnx64/resources/app/node_modules/@theia/plugin-ext-vscode/lib/node/plugin-vscode-init)
PLUGIN_HOST(9652): initializing(json@1.52.1 with /tools/Xilinx/Vitis/2023.2/ide/electron-app/lnx64/resources/app/node_modules/@theia/plugin-ext-vscode/lib/node/plugin-vscode-init)
PLUGIN_HOST(9652): initializing(json-language-features@1.52.1 with /tools/Xilinx/Vitis/2023.2/ide/electron-app/lnx64/resources/app/node_modules/@theia/plugin-ext-vscode/lib/node/plugin-vscode-init)
PLUGIN_HOST(9652): initializing(vscode-clangd@0.1.15 with /tools/Xilinx/Vitis/2023.2/ide/electron-app/lnx64/resources/app/node_modules/@theia/plugin-ext-vscode/lib/node/plugin-vscode-init)
PLUGIN_HOST(9652): initializing(material-icon-theme@4.11.0 with /tools/Xilinx/Vitis/2023.2/ide/electron-app/lnx64/resources/app/node_modules/@theia/plugin-ext-vscode/lib/node/plugin-vscode-init)
PLUGIN_HOST(9652): initializing(debug@0.26.1 with /tools/Xilinx/Vitis/2023.2/ide/electron-app/lnx64/resources/app/node_modules/@theia/plugin-ext-vscode/lib/node/plugin-vscode-init)
Debugger contribution has been registered: gdb
Debugger contribution has been registered: lldb-mi
Debugger contribution has been registered: mago-mi
PLUGIN_HOST(9652): initializing(git@1.62.3 with /tools/Xilinx/Vitis/2023.2/ide/electron-app/lnx64/resources/app/node_modules/@theia/plugin-ext-vscode/lib/node/plugin-vscode-init)
PLUGIN_HOST(9652): initializing(make@1.79.0 with /tools/Xilinx/Vitis/2023.2/ide/electron-app/lnx64/resources/app/node_modules/@theia/plugin-ext-vscode/lib/node/plugin-vscode-init) 
2024-04-09 00:08:00 [debug] : [hosted-plugin: 9652] Unsupported activation events: oncommand:gitlens.copyCurrentBranch, please open an issue: https://github.com/eclipse-theia/theia/issues/new 
2024-04-09 00:08:00 [debug] : f.registerSchemas is taking more than 500.0 ms, new schemas are ignored. 
2024-04-09 00:08:00 [debug] : MonacoEditorModel.cancelSync {"0":"file:///home/illubaby/RISC-V/RISCVAIoT/DLCProgram/.vscode/settings.json"}
2024-04-09 00:08:00 [debug] : MonacoEditorModel.cancelSave {"0":"file:///home/illubaby/RISC-V/RISCVAIoT/DLCProgram/.vscode/settings.json"}
2024-04-09 00:08:00 [debug] : [hosted-plugin: 9652] PLUGIN_HOST(9652): PluginManagerExtImpl/loadPlugin(/tools/Xilinx/Vitis/2023.2/ide/electron-app/lnx64/resources/app/plugins/vscode.git/extension/dist/main) 
2024-04-09 00:08:00 [debug] : [hosted-plugin: 9652] PLUGIN_HOST(9652): PluginManagerExtImpl/loadPlugin(/tools/Xilinx/Vitis/2023.2/ide/electron-app/lnx64/resources/app/plugins/vscode-builtin-github/extension/dist/extension.js) 
2024-04-09 00:08:00 [debug] : [hosted-plugin: 9652] PLUGIN_HOST(9652): PluginManagerExtImpl/loadPlugin(/tools/Xilinx/Vitis/2023.2/ide/electron-app/lnx64/resources/app/plugins/vscode-builtin-json-language-features/extension/client/dist/node/jsonClientMain) 
2024-04-09 00:08:00 [debug] : [hosted-plugin: 9652] ApplicationInsights:CorrelationIdManager [
  Error: Failed to establish a socket connection to proxies: ["https://dc.services.visualstudio.com/api/profiles/AIF-d9b70cd4-b9f9-4d70-929b-a071c400b217/appId"]
      at _PacProxyAgent.<anonymous> (/tools/Xilinx/Vitis/2023.2/ide/electron-app/lnx64/resources/app/node_modules/vscode-proxy-agent/out/agent.js:141:19)
      at Generator.next (<anonymous>)
      at fulfilled (/tools/Xilinx/Vitis/2023.2/ide/electron-app/lnx64/resources/app/node_modules/vscode-proxy-agent/out/agent.js:5:58)
] 
2024-04-09 00:08:00 [debug] : [8c4aaafe-3c3c-44e3-9d72-f8eac15777de][eamodio.gitlens]: Started plugin. 
2024-04-09 00:08:00 [debug] : [8c4aaafe-3c3c-44e3-9d72-f8eac15777de][xilinx.rigel-config-vscode]: Started plugin. 
2024-04-09 00:08:00 [debug] : [8c4aaafe-3c3c-44e3-9d72-f8eac15777de][xilinx.rigel-hls-l1-library-vscode]: Started plugin. 
2024-04-09 00:08:00 [debug] : [8c4aaafe-3c3c-44e3-9d72-f8eac15777de][xilinx.rigel-hls-pragma]: Started plugin. 
2024-04-09 00:08:00 [debug] : [8c4aaafe-3c3c-44e3-9d72-f8eac15777de][xilinx.tcf-debug]: Started plugin. 
2024-04-09 00:08:00 [debug] : [8c4aaafe-3c3c-44e3-9d72-f8eac15777de][twxs.cmake]: Started plugin. 
2024-04-09 00:08:00 [debug] : [8c4aaafe-3c3c-44e3-9d72-f8eac15777de][vscode.cpp]: Started plugin. 
2024-04-09 00:08:00 [debug] : [8c4aaafe-3c3c-44e3-9d72-f8eac15777de][vscode.github]: Started plugin. 
2024-04-09 00:08:00 [debug] : [8c4aaafe-3c3c-44e3-9d72-f8eac15777de][vscode.github-authentication]: Started plugin. 
2024-04-09 00:08:00 [debug] : [8c4aaafe-3c3c-44e3-9d72-f8eac15777de][vscode.json]: Started plugin. 
2024-04-09 00:08:00 [debug] : [8c4aaafe-3c3c-44e3-9d72-f8eac15777de][vscode.json-language-features]: Started plugin. 
2024-04-09 00:08:00 [debug] : [8c4aaafe-3c3c-44e3-9d72-f8eac15777de][llvm-vs-code-extensions.vscode-clangd]: Started plugin. 
2024-04-09 00:08:00 [debug] : [8c4aaafe-3c3c-44e3-9d72-f8eac15777de][pkief.material-icon-theme]: Started plugin. 
2024-04-09 00:08:00 [debug] : [8c4aaafe-3c3c-44e3-9d72-f8eac15777de][webfreak.debug]: Started plugin. 
2024-04-09 00:08:00 [debug] : [8c4aaafe-3c3c-44e3-9d72-f8eac15777de][vscode.git]: Started plugin. 
2024-04-09 00:08:00 [debug] : [8c4aaafe-3c3c-44e3-9d72-f8eac15777de][vscode.make]: Started plugin. 
2024-04-09 00:08:00 [debug] : [hosted-plugin: 9652] PLUGIN_HOST(9652): PluginManagerExtImpl/loadPlugin(/tools/Xilinx/Vitis/2023.2/ide/electron-app/lnx64/resources/app/plugins/vscode-material-icon-theme/extension/dist/extension) 
2024-04-09 00:08:00 [debug] : [hosted-plugin: 9652] PLUGIN_HOST(9652): PluginManagerExtImpl/loadPlugin(/tools/Xilinx/Vitis/2023.2/ide/electron-app/lnx64/resources/app/plugins/eamodio-gitlens/extension/dist/gitlens) 
2024-04-09 00:08:00 [debug] : command 'gitlens.clearFileAnnotations' already registered 
2024-04-09 00:08:00 [debug] : command 'gitlens.computingFileAnnotations' already registered 
2024-04-09 00:08:00 [debug] : [8c4aaafe-3c3c-44e3-9d72-f8eac15777de] Start of 16 plugins: 2938.6 ms [Finished 6.215 s after frontend start] 
2024-04-09 00:08:01 [debug] : [hosted-plugin: 9652] PLUGIN_HOST(9652): PluginManagerExtImpl/loadPlugin(/tools/Xilinx/Vitis/2023.2/ide/electron-app/lnx64/resources/app/plugins/vscode-builtin-github-authentication/extension/dist/extension.js) 
2024-04-09 00:08:01 [debug] : An authentication provider with id 'github' was registered. 
2024-04-09 00:08:01 [debug] : Theia configuration directory file:///home/illubaby/.Xilinx/Vitis/2023.2/.vitisng' 
2024-04-09 00:08:01 [debug] : Theia configuration directory file:///home/illubaby/.Xilinx/Vitis/2023.2/.vitisng' 
2024-04-09 00:08:05 [debug] : [hosted-plugin: 9652] PLUGIN_HOST(9652): PluginManagerExtImpl/loadPlugin(/tools/Xilinx/Vitis/2023.2/ide/electron-app/lnx64/resources/app/plugins/vscode-clangd/extension/out/src/extension) 
2024-04-09 00:08:05 [debug] : [hosted-plugin: 9652] Could not identify plugin for 'Theia' require call from /tools/Xilinx/Vitis/2023.2/ide/electron-app/lnx64/resources/app/node_modules/vscode-languageclient/lib/node/main.js 
2024-04-09 00:08:05 [debug] : [hosted-plugin: 9652] PLUGIN_HOST(9652): PluginManagerExtImpl/loadPlugin(/tmp/illubaby-vscode-unpacked/rigel-hls-pragma-0.0.0.vsix/extension/out/extension.js) 
2024-04-09 00:08:05 [debug] : [hosted-plugin: 9652] Starting extension "rigel-hls-pragma"! 
2024-04-09 00:08:05 [debug] : [hosted-plugin: 9652] PLUGIN_HOST(9652): PluginManagerExtImpl/loadPlugin(/tmp/illubaby-vscode-unpacked/rigel-hls-l1-library-vscode-0.0.0.vsix/extension/lib/extension.js) 
2024-04-09 00:08:05 [debug] : [hosted-plugin: 9652] Clang Language Server is now active! 
2024-04-09 00:08:05 [debug] : command 'clangd.typeHierarchy' already registered 
2024-04-09 00:08:05 [debug] : data provider for 'clangd.typeHierarchyView' view is already registered 
2024-04-09 00:08:05 [debug] : data provider for 'clangd.ast' view is already registered 
2024-04-09 00:08:05 [debug] : command 'clangd.ast' already registered 
2024-04-09 00:16:16 [debug] : Widget was activated, but did not accept focus after 2000ms: Examples-widget 
2024-04-09 00:16:22 [debug] : MonacoEditorModel.cancelSync {"0":"untitled:/Untitled-1"}
2024-04-09 00:16:22 [debug] : MonacoEditorModel.cancelSave {"0":"untitled:/Untitled-1"}
2024-04-09 00:16:36 [debug] : MonacoEditorModel.cancelSync {"0":"untitled:/Untitled-1"}
2024-04-09 00:16:36 [debug] : MonacoEditorModel.cancelSave {"0":"untitled:/Untitled-1"}
2024-04-09 00:17:00 [debug] : [Repository Server] Executing method:listRepoPaths with connection:(object). {"0":"request:","1":{"name":""}}
2024-04-09 00:17:00 [debug] : [Repository Service] Executing method:listRepoPaths from frontend. {"0":"request:","1":{"name":""}}
2024-04-09 00:17:00 [debug] :  React.useEffect 
2024-04-09 00:17:00 [debug] : [Repository Service] Executing method:listPlatforms from frontend. {"0":"request:","1":{"name":"","repoPath":"","ignoreCertifiedRequisite":true,"flowList":[]}}
2024-04-09 00:17:00 [debug] : [Repository Server] Executing method:listPlatforms with connection:(object). {"0":"request:","1":{"name":"","repoPath":"","ignoreCertifiedRequisite":true,"flowList":[]}}
2024-04-09 00:22:23 [debug] : [Repository Server] Executing method:listRepoPaths with connection:(object). {"0":"request:","1":{"name":""}}
2024-04-09 00:22:24 [debug] : [Repository Service] Executing method:listRepoPaths from frontend. {"0":"request:","1":{"name":""}}
2024-04-09 00:22:24 [debug] :  React.useEffect 
2024-04-09 00:22:24 [debug] : [Repository Service] Executing method:listPlatforms from frontend. {"0":"request:","1":{"name":"","repoPath":"","ignoreCertifiedRequisite":true,"flowList":[]}}
2024-04-09 00:22:24 [debug] : [Repository Server] Executing method:listPlatforms with connection:(object). {"0":"request:","1":{"name":"","repoPath":"","ignoreCertifiedRequisite":true,"flowList":[]}}
2024-04-09 00:32:51 [debug] : [Repository Service] Executing method:listRepoPaths from frontend. {"0":"request:","1":{"name":""}}
2024-04-09 00:32:51 [debug] : [Repository Server] Executing method:listRepoPaths with connection:(object). {"0":"request:","1":{"name":""}}
2024-04-09 00:32:51 [debug] : [Repository Server] Executing method:listPlatforms with connection:(object). {"0":"request:","1":{"name":"","repoPath":"","ignoreCertifiedRequisite":true,"flowList":[]}}
2024-04-09 00:32:51 [debug] : [Repository Service] Executing method:listPlatforms from frontend. {"0":"request:","1":{"name":"","repoPath":"","ignoreCertifiedRequisite":true,"flowList":[]}}
2024-04-09 00:33:44 [debug] : [Repository Server] Executing method:listRepoPaths with connection:(object). {"0":"request:","1":{"name":""}}
2024-04-09 00:33:44 [debug] : [Repository Service] Executing method:listRepoPaths from frontend. {"0":"request:","1":{"name":""}}
2024-04-09 00:33:44 [debug] : [Repository Server] Executing method:listPlatforms with connection:(object). {"0":"request:","1":{"name":"","repoPath":"","ignoreCertifiedRequisite":true,"flowList":[]}}
2024-04-09 00:33:44 [debug] : [Repository Service] Executing method:listPlatforms from frontend. {"0":"request:","1":{"name":"","repoPath":"","ignoreCertifiedRequisite":true,"flowList":[]}}
2024-04-09 00:33:49 [debug] : [Repository Service] Executing method:getHwPlatform from frontend. {"0":"request:","1":{"platformPath":"/tools/Xilinx/Vitis/2023.2/base_platforms/xilinx_zcu102_base_dfx_202320_1/xilinx_zcu102_base_dfx_202320_1.xpfm"}}
2024-04-09 00:33:49 [debug] : [Repository Server] Executing method:getHwPlatform with connection:(object). {"0":"request:","1":{"platformPath":"/tools/Xilinx/Vitis/2023.2/base_platforms/xilinx_zcu102_base_dfx_202320_1/xilinx_zcu102_base_dfx_202320_1.xpfm"}}
2024-04-09 00:33:49 [debug] : [Repository Server] Executing method:validatePlatform with connection:(object). {"0":"request:","1":{"platformPath":"/tools/Xilinx/Vitis/2023.2/base_platforms/xilinx_zcu102_base_dfx_202320_1/xilinx_zcu102_base_dfx_202320_1.xpfm"}}
2024-04-09 00:33:49 [debug] : [Repository Service] Executing method:validatePlatform from frontend. {"0":"request:","1":{"platformPath":"/tools/Xilinx/Vitis/2023.2/base_platforms/xilinx_zcu102_base_dfx_202320_1/xilinx_zcu102_base_dfx_202320_1.xpfm"}}
2024-04-09 00:33:49 [debug] : [Repository Service] Executing method:getSwPlatform from frontend. {"0":"request:","1":{"platformPath":"/tools/Xilinx/Vitis/2023.2/base_platforms/xilinx_zcu102_base_dfx_202320_1/xilinx_zcu102_base_dfx_202320_1.xpfm"}}
2024-04-09 00:33:49 [debug] : [Repository Server] Executing method:getSwPlatform with connection:(object). {"0":"request:","1":{"platformPath":"/tools/Xilinx/Vitis/2023.2/base_platforms/xilinx_zcu102_base_dfx_202320_1/xilinx_zcu102_base_dfx_202320_1.xpfm"}}
2024-04-09 00:33:49 [debug] : [Repository Service] Executing method:getHwPlatformImg from frontend. {"0":"request:"}
2024-04-09 00:33:49 [debug] : [Repository Server] Executing method:getHwPlatformImg with connection:(object). {"0":"request:","1":"/tools/Xilinx/Vitis/2023.2/base_platforms/xilinx_zcu102_base_dfx_202320_1/hw/hw.xsa"}
2024-04-09 00:33:49 [debug] : [Repository Server] Executing method:getFilteredPlatformDomains with connection:(object). {"0":"request:","1":{"platformPath":"/tools/Xilinx/Vitis/2023.2/base_platforms/xilinx_zcu102_base_dfx_202320_1/xilinx_zcu102_base_dfx_202320_1.xpfm","supportedOsList":[],"supportedCputypeList":[]}}
2024-04-09 00:33:49 [debug] : [Repository Service] Executing method:getFilteredPlatformDomains from frontend. {"0":"request:"}
2024-04-09 00:33:49 [debug] :  React.useEffect 
2024-04-09 00:34:10 [debug] : [Repository Service] Executing method:listRepoPaths from frontend. {"0":"request:","1":{"name":""}}
2024-04-09 00:34:10 [debug] : [Repository Server] Executing method:listRepoPaths with connection:(object). {"0":"request:","1":{"name":""}}
2024-04-09 00:34:10 [debug] : [Repository Server] Executing method:listPlatforms with connection:(object). {"0":"request:","1":{"name":"","repoPath":"","ignoreCertifiedRequisite":true,"flowList":[]}}
2024-04-09 00:34:10 [debug] : [Repository Service] Executing method:listPlatforms from frontend. {"0":"request:","1":{"name":"","repoPath":"","ignoreCertifiedRequisite":true,"flowList":[]}}
2024-04-09 00:34:31 [debug] : [Repository Service] Executing method:addRepoPaths from frontend. {"0":"request:","1":{"repoPathsList":[{"path":"/home/illubaby/RISC-V/picorv32","type":2,"repoState":0}]}}
2024-04-09 00:34:31 [debug] : [Repository Server] Executing method:addRepoPaths with connection:(object). {"0":"request:","1":{"repoPathsList":[{"path":"/home/illubaby/RISC-V/picorv32","type":2,"repoState":0}]}}
2024-04-09 00:34:31 [debug] : Notification event posted from server - ON_DID_MODIFY_PLATFORM_REPOS. 
2024-04-09 00:34:31 [debug] : Received event from notification service: ON_DID_MODIFY_PLATFORM_REPOS. 
2024-04-09 00:34:31 [debug] : [Repository Server] Executing method:listRepoPaths with connection:(object). {"0":"request:","1":{"name":""}}
2024-04-09 00:34:31 [debug] : [Repository Service] Executing method:listRepoPaths from frontend. {"0":"request:","1":{"name":""}}
2024-04-09 00:34:31 [debug] : [Repository Server] Executing method:listPlatforms with connection:(object). {"0":"request:","1":{"name":"","repoPath":"","ignoreCertifiedRequisite":true,"flowList":[]}}
2024-04-09 00:34:31 [debug] : [Repository Service] Executing method:listPlatforms from frontend. {"0":"request:","1":{"name":"","repoPath":"","ignoreCertifiedRequisite":true,"flowList":[]}}
2024-04-09 00:35:23 [debug] : Shutting down because of Close request. 
2024-04-09 00:35:23 [debug] : Closing channel on service path '/services/commands'. 
2024-04-09 00:35:23 [debug] : Closing channel on service path '/services/keyboard'. 
2024-04-09 00:35:23 [debug] : Closing channel on service path '/services/logger'. 
2024-04-09 00:35:23 [debug] : Closing channel on service path '/services/messageService'. 
2024-04-09 00:35:23 [debug] : Closing channel on service path '/services/startup-workspace'. 
2024-04-09 00:35:23 [debug] : Closing channel on service path '/services/remote-filesystem'. 
2024-04-09 00:35:23 [debug] : Closing channel on service path '/services/envs'. 
2024-04-09 00:35:23 [debug] : Closing channel on service path '/services/workspace'. 
2024-04-09 00:35:23 [debug] : Closing channel on service path '/services/stopwatch'. 
2024-04-09 00:35:23 [debug] : Closing channel on service path '/services/application'. 
2024-04-09 00:35:23 [debug] : Closing channel on service path '/services/i18n'. 
2024-04-09 00:35:23 [debug] : Closing channel on service path '/services/hostedPlugin'. 
2024-04-09 00:35:23 [debug] : Closing channel on service path '/services/project'. 
2024-04-09 00:35:23 [debug] : Closing channel on service path '/services/rigel-workspace'. 
2024-04-09 00:35:23 [debug] : Closing channel on service path '/services/component'. 
2024-04-09 00:35:23 [debug] : Closing channel on service path '/services/debugger'. 
2024-04-09 00:35:23 [debug] : Closing channel on service path '/services/debug'. 
2024-04-09 00:35:23 [debug] : Closing channel on service path '/services/shell-terminal'. 
2024-04-09 00:35:23 [debug] : Closing channel on service path '/services/task'. 
2024-04-09 00:35:23 [debug] : a client has disconnected - removed from list: 
2024-04-09 00:35:23 [debug] : Closing channel on service path '/services/quickPick'. 
2024-04-09 00:35:23 [debug] : Closing channel on service path '/services/plugin-ext'. 
2024-04-09 00:35:23 [debug] : Closing channel on service path '/services/plugin-paths'. 
2024-04-09 00:35:23 [debug] : Closing channel on service path '/services/search'. 
2024-04-09 00:35:23 [debug] : Closing channel on service path '/services/server'. 
2024-04-09 00:35:23 [debug] : Closing channel on service path '/services/repository'. 
2024-04-09 00:35:23 [debug] : [Repository Server] Disposing objects in backend. 
2024-04-09 00:35:23 [debug] : Closing channel on service path '/services/rigel-utils'. 
2024-04-09 00:35:23 [debug] : [Rigel Utils Server] Disposing objects in backend. 
2024-04-09 00:35:23 [debug] : Closing channel on service path '/services/program_flash'. 
2024-04-09 00:35:23 [debug] : [Program Flash Server] Disposing objects in backend. 
2024-04-09 00:35:23 [debug] : Closing channel on service path '/services/build'. 
2024-04-09 00:35:23 [debug] : [Build Server] Disposing objects in backend. 
2024-04-09 00:35:23 [debug] : Closing channel on service path 'services/rigel-backend-helper'. 
2024-04-09 00:35:23 [debug] : Closing channel on service path '/services/analysis'. 
2024-04-09 00:35:23 [debug] : Closing channel on service path '/services/notification'. 
2024-04-09 00:35:23 [debug] : Closing channel on service path '/services/recent-summaries'. 
2024-04-09 00:35:23 [debug] : Closing channel on service path '/services/platform'. 
2024-04-09 00:35:23 [debug] : Closing channel on service path '/services/hls/l1library/service'. 
2024-04-09 00:35:23 [debug] : Closing channel on service path '/services/elf-reader'. 
2024-04-09 00:35:23 [debug] : [Elf Reader Server] Disposing objects in backend. 
2024-04-09 00:35:23 [debug] : Closing channel on service path '/services/aie'. 
2024-04-09 00:35:23 [debug] : [AIE Server] Disposing objects in backend. 
2024-04-09 00:35:23 [debug] : Closing channel on service path '/services/rigel_explorer'. 
2024-04-09 00:35:23 [debug] : Closing channel on service path '/services/linker-script'. 
2024-04-09 00:35:23 [debug] : Closing channel on service path '/services/rigel-logger'. 
2024-04-09 00:35:23 [debug] : [Logger Server] Disposing objects in backend. 
2024-04-09 00:35:23 [debug] : Closing channel on service path '/services/vitis-hls'. 
2024-04-09 00:35:23 [debug] : Closing channel on service path '/services/device'. 
2024-04-09 00:35:23 [debug] : Closing channel on service path '/services/vcxx'. 
2024-04-09 00:35:23 [debug] : [Rigel Vcxx Server] Disposing objects in backend. 
2024-04-09 00:35:23 [debug] : Closing channel on service path '/services/hls/common/data/info'. 
2024-04-09 00:35:23 [debug] : Closing channel on service path '/services/flow_navigator'. 
2024-04-09 00:35:23 [debug] : Closing channel on service path '/services/hls/common/file/service'. 
2024-04-09 00:35:23 [debug] : Closing channel on service path '/services/hls/dataflow/info'. 
2024-04-09 00:35:23 [debug] : Closing channel on service path '/services/hls_flow'. 
2024-04-09 00:35:23 [debug] : [Hls Flow Server] Disposing objects in backend. 
2024-04-09 00:35:23 [debug] : Closing channel on service path '/services/mini-browser-service'. 
2024-04-09 00:35:23 [debug] : Closing channel on service path '/services/bootgen'. 
2024-04-09 00:35:23 [debug] : Closing channel on service path '/services/hls/report'. 
2024-04-09 00:35:23 [debug] : Closing channel on service path '/services/hls/wave/open'. 
2024-04-09 00:35:23 [debug] : Closing channel on service path '/services/search-in-workspace'. 
2024-04-09 00:35:23 [debug] : Closing channel on service path '/services/request-service'. 
2024-04-09 00:35:23 [debug] : Closing channel on service path '/services/report-model'. 
2024-04-09 00:35:23 [debug] : Closing channel on service path '/services/keytar'. 
